# Logfile created on Tue Jan 23 22:35:59 GMT 2007 by logger.rb/1.5.2.7
D, [2007-01-23T22:35:59.349362 #622] DEBUG -- : TRACING ON Tue Jan 23 22:35:59 GMT 2007
FILES OPEN AT EXIT
--- 
log/mongrel_debug/files.log: 1
/Users/chrisroos/dev/personal/my_content/config/../log/development.log: 1

D, [2007-01-23T23:03:45.777390 #742] DEBUG -- : TRACING ON Tue Jan 23 23:03:45 GMT 2007
FILES OPEN AT EXIT
--- 
log/mongrel_debug/files.log: 1
/Users/chrisroos/dev/personal/my_content/config/../log/development.log: 1

D, [2007-01-24T21:52:39.295093 #368] DEBUG -- : TRACING ON Wed Jan 24 21:52:39 GMT 2007
FILES OPEN AT EXIT
--- 
log/mongrel_debug/files.log: 1
/Users/chrisroos/dev/personal/my_content/config/../log/development.log: 1

D, [2007-01-25T20:19:49.987688 #330] DEBUG -- : TRACING ON Thu Jan 25 20:19:49 GMT 2007
FILES OPEN AT EXIT
--- 
log/mongrel_debug/files.log: 1
/Users/chrisroos/dev/personal/my_content/config/../log/development.log: 1

